<?xml version="1.0" encoding="UTF-8"?>
<!DOCTYPE sqlMap
    PUBLIC "-//ibatis.apache.org//DTD SQL Map 2.0//EN"
    "http://ibatis.apache.org/dtd/sql-map-2.dtd">
    
<sqlMap namespace="test">
    
    
    <select id="get" resultClass="int">
    	SELECT count(*) FROM testdb_madebyapmsetup.userinfo;
    </select>

    
</sqlMap>
